<?xml version="1.0" encoding="UTF-8"?>
<!-- Generated by org.testng.reporters.JUnitReportReporter -->
<testsuite skipped="0" hostname="SDL7207" name="Android.Umang" tests="2" failures="0" timestamp="22 Nov 2018 14:23:27 GMT" time="119.814" errors="0">
  <testcase name="yRegisterComplaint" time="62.997" classname="Android.Umang"/>
  <testcase name="login" time="56.817" classname="Android.Umang"/>
</testsuite> <!-- Android.Umang -->
